pg_dump: last built-in OID is 16383
pg_dump: reading extensions
pg_dump: identifying extension members
pg_dump: reading schemas
pg_dump: reading user-defined tables
pg_dump: reading user-defined functions
pg_dump: reading user-defined types
pg_dump: reading procedural languages
pg_dump: reading user-defined aggregate functions
pg_dump: reading user-defined operators
pg_dump: reading user-defined access methods
pg_dump: reading user-defined operator classes
pg_dump: reading user-defined operator families
pg_dump: reading user-defined text search parsers
pg_dump: reading user-defined text search templates
pg_dump: reading user-defined text search dictionaries
pg_dump: reading user-defined text search configurations
pg_dump: reading user-defined foreign-data wrappers
pg_dump: reading user-defined foreign servers
pg_dump: reading default privileges
pg_dump: reading user-defined collations
pg_dump: reading user-defined conversions
pg_dump: reading type casts
pg_dump: reading transforms
pg_dump: reading table inheritance information
pg_dump: reading event triggers
pg_dump: finding extension tables
pg_dump: finding inheritance relationships
pg_dump: reading column info for interesting tables
pg_dump: finding table default expressions
pg_dump: finding table check constraints
pg_dump: flagging inherited columns in subtables
pg_dump: reading partitioning data
pg_dump: reading indexes
pg_dump: flagging indexes in partitioned tables
pg_dump: reading extended statistics
pg_dump: reading constraints
pg_dump: reading triggers
pg_dump: reading rewrite rules
pg_dump: reading policies
pg_dump: reading row-level security policies
pg_dump: reading publications
pg_dump: reading publication membership of tables
pg_dump: reading publication membership of schemas
pg_dump: reading subscriptions
pg_dump: reading large objects
pg_dump: reading dependency data
pg_dump: saving encoding = UTF8
pg_dump: saving standard_conforming_strings = on
pg_dump: saving search_path =
pg_dump: saving database definition

pg_restore: connecting to database for restore
pg_restore: dropping FK CONSTRAINT ticket ticket_flightid_fkey
pg_restore: dropping FK CONSTRAINT ticket ticket_customerid_fkey
pg_restore: dropping FK CONSTRAINT rewardscustomer rewardscustomer_customerid_fkey
pg_restore: dropping FK CONSTRAINT review review_ticketid_fkey
pg_restore: dropping FK CONSTRAINT petcustomer petcustomer_customerid_fkey
pg_restore: dropping FK CONSTRAINT identification identification_customerid_fkey
pg_restore: dropping FK CONSTRAINT flight flight_flightcode_fkey
pg_restore: dropping INDEX idx_ticket_flightid
pg_restore: dropping INDEX idx_ticket_customerid_flightid
pg_restore: dropping INDEX idx_ticket_customerid
pg_restore: dropping INDEX idx_review_ticketid
pg_restore: dropping INDEX idx_identification_customerid
pg_restore: dropping INDEX idx_flight_flightcode
pg_restore: dropping INDEX idx_flight_departuredate
pg_restore: dropping CONSTRAINT ticket unique_seat
pg_restore: dropping CONSTRAINT ticket ticket_pkey
pg_restore: dropping CONSTRAINT rewardscustomer rewardscustomer_pkey
pg_restore: dropping CONSTRAINT rewardscustomer rewardscustomer_memberid_key
pg_restore: dropping CONSTRAINT review review_ticketid_key
pg_restore: dropping CONSTRAINT review review_pkey
pg_restore: dropping CONSTRAINT petcustomer petcustomer_pkey
pg_restore: dropping CONSTRAINT identification identification_pkey
pg_restore: dropping CONSTRAINT flightinfo flightinfo_pkey
pg_restore: dropping CONSTRAINT flight flight_pkey
pg_restore: dropping CONSTRAINT customer customer_pkey
pg_restore: dropping TABLE ticket
pg_restore: dropping TABLE rewardscustomer
pg_restore: dropping TABLE review
pg_restore: dropping TABLE petcustomer
pg_restore: dropping TABLE identification
pg_restore: dropping TABLE flightinfo
pg_restore: dropping TABLE flight
pg_restore: dropping TABLE customer
pg_restore: dropping FUNCTION update_flight_info(text, time without time zone)
pg_restore: dropping FUNCTION update_and_select_flight(text, time without time zone)
pg_restore: dropping TYPE ticketclass
pg_restore: dropping TYPE status
pg_restore: dropping TYPE species
pg_restore: dropping TYPE idtype
pg_restore: dropping TYPE dietaryrestriction
pg_restore: dropping TYPE assistance
pg_restore: creating TYPE "public.assistance"
pg_restore: creating TYPE "public.dietaryrestriction"
pg_restore: creating TYPE "public.idtype"
pg_restore: creating TYPE "public.species"
pg_restore: creating TYPE "public.status"
pg_restore: creating TYPE "public.ticketclass"
pg_restore: creating FUNCTION "public.update_and_select_flight(text, time without time zone)"
pg_restore: creating FUNCTION "public.update_flight_info(text, time without time zone)"
pg_restore: creating TABLE "public.customer"
pg_restore: creating TABLE "public.flight"
pg_restore: creating TABLE "public.flightinfo"
pg_restore: creating TABLE "public.identification"
pg_restore: creating TABLE "public.petcustomer"
pg_restore: creating TABLE "public.review"
pg_restore: creating TABLE "public.rewardscustomer"
pg_restore: creating TABLE "public.ticket"
pg_restore: processing data for table "public.customer"
pg_restore: processing data for table "public.flight"
pg_restore: processing data for table "public.flightinfo"
pg_restore: processing data for table "public.identification"
pg_restore: processing data for table "public.petcustomer"
pg_restore: processing data for table "public.review"
pg_restore: processing data for table "public.rewardscustomer"
pg_restore: processing data for table "public.ticket"
pg_restore: creating CONSTRAINT "public.customer customer_pkey"
pg_restore: creating CONSTRAINT "public.flight flight_pkey"
pg_restore: creating CONSTRAINT "public.flightinfo flightinfo_pkey"
pg_restore: creating CONSTRAINT "public.identification identification_pkey"
pg_restore: creating CONSTRAINT "public.petcustomer petcustomer_pkey"
pg_restore: creating CONSTRAINT "public.review review_pkey"
pg_restore: creating CONSTRAINT "public.review review_ticketid_key"
pg_restore: creating CONSTRAINT "public.rewardscustomer rewardscustomer_memberid_key"
pg_restore: creating CONSTRAINT "public.rewardscustomer rewardscustomer_pkey"
pg_restore: creating CONSTRAINT "public.ticket ticket_pkey"
pg_restore: creating CONSTRAINT "public.ticket unique_seat"
pg_restore: creating INDEX "public.idx_flight_departuredate"
pg_restore: creating INDEX "public.idx_flight_flightcode"
pg_restore: creating INDEX "public.idx_identification_customerid"
pg_restore: creating INDEX "public.idx_review_ticketid"
pg_restore: creating INDEX "public.idx_ticket_customerid"
pg_restore: creating INDEX "public.idx_ticket_customerid_flightid"
pg_restore: creating INDEX "public.idx_ticket_flightid"
pg_restore: creating FK CONSTRAINT "public.flight flight_flightcode_fkey"
pg_restore: creating FK CONSTRAINT "public.identification identification_customerid_fkey"
pg_restore: creating FK CONSTRAINT "public.petcustomer petcustomer_customerid_fkey"
pg_restore: creating FK CONSTRAINT "public.review review_ticketid_fkey"
pg_restore: creating FK CONSTRAINT "public.rewardscustomer rewardscustomer_customerid_fkey"
pg_restore: creating FK CONSTRAINT "public.ticket ticket_customerid_fkey"
pg_restore: creating FK CONSTRAINT "public.ticket ticket_flightid_fkey"
pg_restore: creating ACL "SCHEMA public"
