Query errors


Update on view 1:
ERROR:  Views containing GROUP BY are not automatically updatable.cannot update view "codesharerevenue" 

ERROR:  cannot update view "codesharerevenue"
SQL state: 55000
Detail: Views containing GROUP BY are not automatically updatable.
Hint: To enable updating the view, provide an INSTEAD OF UPDATE trigger or an unconditional ON UPDATE DO INSTEAD rule.


Insert on view 1:
ERROR:  Views containing GROUP BY are not automatically updatable.cannot insert into view "codesharerevenue" 

ERROR:  cannot insert into view "codesharerevenue"
SQL state: 55000
Detail: Views containing GROUP BY are not automatically updatable.
Hint: To enable inserting into the view, provide an INSTEAD OF INSERT trigger or an unconditional ON INSERT DO INSTEAD rule.'


Delete on View 1:
ERROR:  Views containing GROUP BY are not automatically updatable.cannot delete from view "codesharerevenue" 

ERROR:  cannot delete from view "codesharerevenue"
SQL state: 55000
Detail: Views containing GROUP BY are not automatically updatable.
Hint: To enable deleting from the view, provide an INSTEAD OF DELETE trigger or an unconditional ON DELETE DO INSTEAD rule.


Update on View 2:
ERROR:  Views that do not select from a single table or view are not automatically updatable.cannot update view "flightcapacityinfo" 

ERROR:  cannot update view "flightcapacityinfo"
SQL state: 55000
Detail: Views that do not select from a single table or view are not automatically updatable.
Hint: To enable updating the view, provide an INSTEAD OF UPDATE trigger or an unconditional ON UPDATE DO INSTEAD rule.


Insert on View 2:
ERROR:  Views that do not select from a single table or view are not automatically updatable.cannot insert into view "flightcapacityinfo" 

ERROR:  cannot insert into view "flightcapacityinfo"
SQL state: 55000
Detail: Views that do not select from a single table or view are not automatically updatable.
Hint: To enable inserting into the view, provide an INSTEAD OF INSERT trigger or an unconditional ON INSERT DO INSTEAD rule.

Delete on View 2:
ERROR:  Views that do not select from a single table or view are not automatically updatable.cannot delete from view "flightcapacityinfo" 

ERROR:  cannot delete from view "flightcapacityinfo"
SQL state: 55000
Detail: Views that do not select from a single table or view are not automatically updatable.
Hint: To enable deleting from the view, provide an INSTEAD OF DELETE trigger or an unconditional ON DELETE DO INSTEAD rule.